[debug] [2021-06-18T11:15:20.886Z] ----------------------------------------------------------------------
[debug] [2021-06-18T11:15:20.889Z] Command:       C:\Program Files\nodejs\node.exe C:\Users\Babak\AppData\Roaming\npm\node_modules\firebase-tools\lib\bin\firebase.js init
[debug] [2021-06-18T11:15:20.889Z] CLI Version:   9.13.1
[debug] [2021-06-18T11:15:20.889Z] Platform:      win32
[debug] [2021-06-18T11:15:20.889Z] Node Version:  v14.16.0
[debug] [2021-06-18T11:15:20.890Z] Time:          Fri Jun 18 2021 15:45:20 GMT+0430 (Iran Daylight Time)
[debug] [2021-06-18T11:15:20.891Z] ----------------------------------------------------------------------
[debug] 
[debug] [2021-06-18T11:15:20.897Z] >>> [apiv2][query] GET https://firebase-public.firebaseio.com/cli.json [none]
[debug] [2021-06-18T11:15:20.919Z] > command requires scopes: ["email","openid","https://www.googleapis.com/auth/cloudplatformprojects.readonly","https://www.googleapis.com/auth/firebase","https://www.googleapis.com/auth/cloud-platform"]
[debug] [2021-06-18T11:15:20.919Z] > authorizing via signed-in user (jason666jaxon@gmail.com)
[info] 
     ######## #### ########  ######## ########     ###     ######  ########
     ##        ##  ##     ## ##       ##     ##  ##   ##  ##       ##
     ######    ##  ########  ######   ########  #########  ######  ######
     ##        ##  ##    ##  ##       ##     ## ##     ##       ## ##
     ##       #### ##     ## ######## ########  ##     ##  ######  ########

You're about to initialize a Firebase project in this directory:

  C:\Users\Babak\Desktop\farhadi-task

[info] 
=== Project Setup
[info] 
[info] First, let's associate this project directory with a Firebase project.
[info] You can create multiple project aliases by running firebase use --add, 
[info] but for now we'll just set up a default project.
[info] 
[debug] [2021-06-18T11:15:27.948Z] >>> [apiv2][query] GET https://firebase.googleapis.com/v1beta1/projects pageSize=100
[debug] [2021-06-18T11:15:28.353Z] Failed to make request: invalid json response body at https://firebase.googleapis.com/v1beta1/projects?pageSize=100 reason: Unexpected token < in JSON at position 0
[debug] [2021-06-18T11:15:28.754Z] FirebaseError: Failed to make request: invalid json response body at https://firebase.googleapis.com/v1beta1/projects?pageSize=100 reason: Unexpected token < in JSON at position 0
    at Client.request (C:\Users\Babak\AppData\Roaming\npm\node_modules\firebase-tools\lib\apiv2.js:109:19)
    at processTicksAndRejections (internal/process/task_queues.js:93:5)
    at async getProjectPage (C:\Users\Babak\AppData\Roaming\npm\node_modules\firebase-tools\lib\management\projects.js:233:17)
    at async getFirebaseProjectPage (C:\Users\Babak\AppData\Roaming\npm\node_modules\firebase-tools\lib\management\projects.js:250:23)
    at async selectProjectInteractively (C:\Users\Babak\AppData\Roaming\npm\node_modules\firebase-tools\lib\management\projects.js:95:41)
    at async Object.doSetup [as project] (C:\Users\Babak\AppData\Roaming\npm\node_modules\firebase-tools\lib\init\features\project.js:87:27)
    at async init (C:\Users\Babak\AppData\Roaming\npm\node_modules\firebase-tools\lib\init\index.js:19:9)
[error] 
[error] Error: Failed to list Firebase projects. See firebase-debug.log for more info.
